[debug] [2019-06-11T17:01:18.389Z] ----------------------------------------------------------------------
[debug] [2019-06-11T17:01:18.495Z] Command:       C:\Program Files\nodejs\node.exe C:\Users\user\AppData\Roaming\npm\node_modules\firebase-tools\lib\bin\firebase.js init functions
[debug] [2019-06-11T17:01:18.496Z] CLI Version:   6.11.0
[debug] [2019-06-11T17:01:18.496Z] Platform:      win32
[debug] [2019-06-11T17:01:18.496Z] Node Version:  v11.13.0
[debug] [2019-06-11T17:01:18.533Z] Time:          Tue Jun 11 2019 20:01:18 GMT+0300 (GMT+03:00)
[debug] [2019-06-11T17:01:18.534Z] ----------------------------------------------------------------------
[debug] 
[debug] [2019-06-11T17:01:18.610Z] > command requires scopes: ["email","openid","https://www.googleapis.com/auth/cloudplatformprojects.readonly","https://www.googleapis.com/auth/firebase","https://www.googleapis.com/auth/cloud-platform"]
[debug] [2019-06-11T17:01:18.612Z] > authorizing via signed-in user
[info] 
     ######## #### ########  ######## ########     ###     ######  ########
     ##        ##  ##     ## ##       ##     ##  ##   ##  ##       ##
     ######    ##  ########  ######   ########  #########  ######  ######
     ##        ##  ##    ##  ##       ##     ## ##     ##       ## ##
     ##       #### ##     ## ######## ########  ##     ##  ######  ########

You're about to initialize a Firebase project in this directory:

  D:\Projects\React-native-slider

Before we get started, keep in mind:

  * You are initializing in an existing Firebase project directory

